This is pdfTeX, Version 3.14159265-2.6-1.40.16 (TeX Live 2015/Debian) (preloaded format=pdflatex 2017.1.12)  22 JUN 2017 08:33
entering extended mode
 restricted \write18 enabled.
 %&-line parsing enabled.
**ch_intro_to_data_oi_biostat.tex
(./ch_intro_to_data_oi_biostat.tex
LaTeX2e <2016/02/01>
Babel <3.9q> and hyphenation patterns for 3 language(s) loaded.
! Undefined control sequence.
l.4 \chapter
            {Introduction to data}
? x
 
Here is how much of TeX's memory you used:
 5 strings out of 494953
 214 string characters out of 6180977
 45171 words of memory out of 5000000
 3390 multiletter control sequences out of 15000+600000
 3640 words of font info for 14 fonts, out of 8000000 for 9000
 14 hyphenation exceptions out of 8191
 5i,0n,1p,66b,8s stack positions out of 5000i,500n,10000p,200000b,80000s
No pages of output.
PDF statistics:
 0 PDF objects out of 1000 (max. 8388607)
 0 named destinations out of 1000 (max. 500000)
 1 words of extra memory for PDF output out of 10000 (max. 10000000)

